0 info it worked if it ends with ok
1 verbose cli [ 'node', '/usr/local/bin/npm', 'install' ]
2 info using npm@1.3.21
3 info using node@v0.10.24
4 warn package.json ngpromisedsl@0.0.0 No description
5 warn package.json ngpromisedsl@0.0.0 No repository field.
6 warn package.json ngpromisedsl@0.0.0 No README data
7 verbose readDependencies using package.json deps
8 verbose install where, deps [ '/Users/freek/workspace/fwielstra/ng-promise-dsl',
8 verbose install   [ 'grunt',
8 verbose install     'grunt-contrib-copy',
8 verbose install     'grunt-contrib-concat',
8 verbose install     'grunt-contrib-uglify',
8 verbose install     'grunt-contrib-jshint',
8 verbose install     'grunt-contrib-clean',
8 verbose install     'grunt-contrib-watch',
8 verbose install     'grunt-rev',
8 verbose install     'grunt-karma',
8 verbose install     'grunt-ngmin' ] ]
9 info preinstall ngpromisedsl@0.0.0
10 verbose readDependencies using package.json deps
11 verbose already installed skipping grunt-contrib-concat@0.3.0 /Users/freek/workspace/fwielstra/ng-promise-dsl
12 verbose already installed skipping grunt@0.4.5 /Users/freek/workspace/fwielstra/ng-promise-dsl
13 verbose already installed skipping grunt-contrib-copy@0.4.1 /Users/freek/workspace/fwielstra/ng-promise-dsl
14 verbose already installed skipping grunt-contrib-uglify@0.2.0 /Users/freek/workspace/fwielstra/ng-promise-dsl
15 verbose already installed skipping grunt-contrib-clean@0.4.1 /Users/freek/workspace/fwielstra/ng-promise-dsl
16 verbose already installed skipping grunt-contrib-jshint@0.8.0 /Users/freek/workspace/fwielstra/ng-promise-dsl
17 verbose already installed skipping grunt-contrib-watch@0.4.0 /Users/freek/workspace/fwielstra/ng-promise-dsl
18 verbose already installed skipping grunt-rev@0.1.0 /Users/freek/workspace/fwielstra/ng-promise-dsl
19 verbose cache add [ 'grunt-karma@0.7.2', null ]
20 verbose cache add name=undefined spec="grunt-karma@0.7.2" args=["grunt-karma@0.7.2",null]
21 verbose parsed url { protocol: null,
21 verbose parsed url   slashes: null,
21 verbose parsed url   auth: null,
21 verbose parsed url   host: null,
21 verbose parsed url   port: null,
21 verbose parsed url   hostname: null,
21 verbose parsed url   hash: null,
21 verbose parsed url   search: null,
21 verbose parsed url   query: null,
21 verbose parsed url   pathname: 'grunt-karma@0.7.2',
21 verbose parsed url   path: 'grunt-karma@0.7.2',
21 verbose parsed url   href: 'grunt-karma@0.7.2' }
22 verbose cache add name="grunt-karma" spec="0.7.2" args=["grunt-karma","0.7.2"]
23 verbose parsed url { protocol: null,
23 verbose parsed url   slashes: null,
23 verbose parsed url   auth: null,
23 verbose parsed url   host: null,
23 verbose parsed url   port: null,
23 verbose parsed url   hostname: null,
23 verbose parsed url   hash: null,
23 verbose parsed url   search: null,
23 verbose parsed url   query: null,
23 verbose parsed url   pathname: '0.7.2',
23 verbose parsed url   path: '0.7.2',
23 verbose parsed url   href: '0.7.2' }
24 verbose addNamed [ 'grunt-karma', '0.7.2' ]
25 verbose addNamed [ '0.7.2', '0.7.2' ]
26 verbose already installed skipping grunt-ngmin@0.0.2 /Users/freek/workspace/fwielstra/ng-promise-dsl
27 silly lockFile 88474ac0-grunt-karma-0-7-2 grunt-karma@0.7.2
28 verbose lock grunt-karma@0.7.2 /Users/freek/.npm/88474ac0-grunt-karma-0-7-2.lock
29 verbose url raw grunt-karma/0.7.2
30 verbose url resolving [ 'https://registry.npmjs.org/', './grunt-karma/0.7.2' ]
31 verbose url resolved https://registry.npmjs.org/grunt-karma/0.7.2
32 info trying registry request attempt 1 at 10:23:49
33 http GET https://registry.npmjs.org/grunt-karma/0.7.2
34 http 200 https://registry.npmjs.org/grunt-karma/0.7.2
35 silly registry.get cb [ 200,
35 silly registry.get   { date: 'Mon, 11 Aug 2014 08:23:51 GMT',
35 silly registry.get     server: 'CouchDB/1.5.0 (Erlang OTP/R16B03)',
35 silly registry.get     etag: '"6O0R8S99M4VLBP0AO771HRBNS"',
35 silly registry.get     'content-type': 'application/json',
35 silly registry.get     'cache-control': 'max-age=60',
35 silly registry.get     'content-length': '1125',
35 silly registry.get     'accept-ranges': 'bytes',
35 silly registry.get     via: '1.1 varnish',
35 silly registry.get     age: '0',
35 silly registry.get     'x-served-by': 'cache-fra1229-FRA',
35 silly registry.get     'x-cache': 'MISS',
35 silly registry.get     'x-cache-hits': '0',
35 silly registry.get     'x-timer': 'S1407745430.345647,VS0,VE709',
35 silly registry.get     vary: 'Accept',
35 silly registry.get     'keep-alive': 'timeout=10, max=50',
35 silly registry.get     connection: 'Keep-Alive' } ]
36 silly lockFile d21a0ed9-runt-karma-grunt-karma-0-7-2-tgz https://registry.npmjs.org/grunt-karma/-/grunt-karma-0.7.2.tgz
37 verbose lock https://registry.npmjs.org/grunt-karma/-/grunt-karma-0.7.2.tgz /Users/freek/.npm/d21a0ed9-runt-karma-grunt-karma-0-7-2-tgz.lock
38 verbose addRemoteTarball [ 'https://registry.npmjs.org/grunt-karma/-/grunt-karma-0.7.2.tgz',
38 verbose addRemoteTarball   '1d041d9833671c2bca671cd66bd874c96b2a631e' ]
39 info retry fetch attempt 1 at 10:23:51
40 verbose fetch to= /var/folders/fm/_rkjrfz50xs8q0_qf5k21fjc0000gp/T/npm-2897-lO9ZBUfN/1407745431105-0.8435929859988391/tmp.tgz
41 http GET https://registry.npmjs.org/grunt-karma/-/grunt-karma-0.7.2.tgz
42 http 200 https://registry.npmjs.org/grunt-karma/-/grunt-karma-0.7.2.tgz
43 verbose tar unpack /var/folders/fm/_rkjrfz50xs8q0_qf5k21fjc0000gp/T/npm-2897-lO9ZBUfN/1407745431105-0.8435929859988391/tmp.tgz
44 silly lockFile 348793f9-31105-0-8435929859988391-package tar:///var/folders/fm/_rkjrfz50xs8q0_qf5k21fjc0000gp/T/npm-2897-lO9ZBUfN/1407745431105-0.8435929859988391/package
45 verbose lock tar:///var/folders/fm/_rkjrfz50xs8q0_qf5k21fjc0000gp/T/npm-2897-lO9ZBUfN/1407745431105-0.8435929859988391/package /Users/freek/.npm/348793f9-31105-0-8435929859988391-package.lock
46 silly lockFile 1e7bec56-31105-0-8435929859988391-tmp-tgz tar:///var/folders/fm/_rkjrfz50xs8q0_qf5k21fjc0000gp/T/npm-2897-lO9ZBUfN/1407745431105-0.8435929859988391/tmp.tgz
47 verbose lock tar:///var/folders/fm/_rkjrfz50xs8q0_qf5k21fjc0000gp/T/npm-2897-lO9ZBUfN/1407745431105-0.8435929859988391/tmp.tgz /Users/freek/.npm/1e7bec56-31105-0-8435929859988391-tmp-tgz.lock
48 silly gunzTarPerm modes [ '755', '644' ]
49 silly gunzTarPerm extractEntry package.json
50 silly gunzTarPerm extractEntry .npmignore
51 silly gunzTarPerm extractEntry README.md
52 silly gunzTarPerm extractEntry LICENSE
53 silly gunzTarPerm extractEntry Gruntfile.js
54 silly gunzTarPerm extractEntry .travis.yml
55 silly gunzTarPerm extractEntry TODO.md
56 silly gunzTarPerm extractEntry lib/background.js
57 silly gunzTarPerm extractEntry CHANGELOG.md
58 silly gunzTarPerm extractEntry tasks/grunt-karma.js
59 silly gunzTarPerm extractEntry test/grunt-karma-test.js
60 silly lockFile 348793f9-31105-0-8435929859988391-package tar:///var/folders/fm/_rkjrfz50xs8q0_qf5k21fjc0000gp/T/npm-2897-lO9ZBUfN/1407745431105-0.8435929859988391/package
61 silly lockFile 348793f9-31105-0-8435929859988391-package tar:///var/folders/fm/_rkjrfz50xs8q0_qf5k21fjc0000gp/T/npm-2897-lO9ZBUfN/1407745431105-0.8435929859988391/package
62 silly lockFile 1e7bec56-31105-0-8435929859988391-tmp-tgz tar:///var/folders/fm/_rkjrfz50xs8q0_qf5k21fjc0000gp/T/npm-2897-lO9ZBUfN/1407745431105-0.8435929859988391/tmp.tgz
63 silly lockFile 1e7bec56-31105-0-8435929859988391-tmp-tgz tar:///var/folders/fm/_rkjrfz50xs8q0_qf5k21fjc0000gp/T/npm-2897-lO9ZBUfN/1407745431105-0.8435929859988391/tmp.tgz
64 verbose tar pack [ '/Users/freek/.npm/grunt-karma/0.7.2/package.tgz',
64 verbose tar pack   '/var/folders/fm/_rkjrfz50xs8q0_qf5k21fjc0000gp/T/npm-2897-lO9ZBUfN/1407745431105-0.8435929859988391/package' ]
65 verbose tarball /Users/freek/.npm/grunt-karma/0.7.2/package.tgz
66 verbose folder /var/folders/fm/_rkjrfz50xs8q0_qf5k21fjc0000gp/T/npm-2897-lO9ZBUfN/1407745431105-0.8435929859988391/package
67 silly lockFile 348793f9-31105-0-8435929859988391-package tar:///var/folders/fm/_rkjrfz50xs8q0_qf5k21fjc0000gp/T/npm-2897-lO9ZBUfN/1407745431105-0.8435929859988391/package
68 verbose lock tar:///var/folders/fm/_rkjrfz50xs8q0_qf5k21fjc0000gp/T/npm-2897-lO9ZBUfN/1407745431105-0.8435929859988391/package /Users/freek/.npm/348793f9-31105-0-8435929859988391-package.lock
69 silly lockFile 29dd5750-pm-grunt-karma-0-7-2-package-tgz tar:///Users/freek/.npm/grunt-karma/0.7.2/package.tgz
70 verbose lock tar:///Users/freek/.npm/grunt-karma/0.7.2/package.tgz /Users/freek/.npm/29dd5750-pm-grunt-karma-0-7-2-package-tgz.lock
71 silly lockFile 348793f9-31105-0-8435929859988391-package tar:///var/folders/fm/_rkjrfz50xs8q0_qf5k21fjc0000gp/T/npm-2897-lO9ZBUfN/1407745431105-0.8435929859988391/package
72 silly lockFile 348793f9-31105-0-8435929859988391-package tar:///var/folders/fm/_rkjrfz50xs8q0_qf5k21fjc0000gp/T/npm-2897-lO9ZBUfN/1407745431105-0.8435929859988391/package
73 silly lockFile 29dd5750-pm-grunt-karma-0-7-2-package-tgz tar:///Users/freek/.npm/grunt-karma/0.7.2/package.tgz
74 silly lockFile 29dd5750-pm-grunt-karma-0-7-2-package-tgz tar:///Users/freek/.npm/grunt-karma/0.7.2/package.tgz
75 silly lockFile d7b9eea8-ek-npm-grunt-karma-0-7-2-package /Users/freek/.npm/grunt-karma/0.7.2/package
76 verbose lock /Users/freek/.npm/grunt-karma/0.7.2/package /Users/freek/.npm/d7b9eea8-ek-npm-grunt-karma-0-7-2-package.lock
77 silly lockFile d7b9eea8-ek-npm-grunt-karma-0-7-2-package /Users/freek/.npm/grunt-karma/0.7.2/package
78 silly lockFile d7b9eea8-ek-npm-grunt-karma-0-7-2-package /Users/freek/.npm/grunt-karma/0.7.2/package
79 verbose tar unpack /Users/freek/.npm/grunt-karma/0.7.2/package.tgz
80 silly lockFile 51668985-ek-npm-grunt-karma-0-7-2-package tar:///Users/freek/.npm/grunt-karma/0.7.2/package
81 verbose lock tar:///Users/freek/.npm/grunt-karma/0.7.2/package /Users/freek/.npm/51668985-ek-npm-grunt-karma-0-7-2-package.lock
82 silly lockFile 29dd5750-pm-grunt-karma-0-7-2-package-tgz tar:///Users/freek/.npm/grunt-karma/0.7.2/package.tgz
83 verbose lock tar:///Users/freek/.npm/grunt-karma/0.7.2/package.tgz /Users/freek/.npm/29dd5750-pm-grunt-karma-0-7-2-package-tgz.lock
84 silly gunzTarPerm modes [ '755', '644' ]
85 silly gunzTarPerm extractEntry package.json
86 silly gunzTarPerm extractEntry .npmignore
87 silly gunzTarPerm extractEntry README.md
88 silly gunzTarPerm extractEntry LICENSE
89 silly gunzTarPerm extractEntry Gruntfile.js
90 silly gunzTarPerm extractEntry .travis.yml
91 silly gunzTarPerm extractEntry TODO.md
92 silly gunzTarPerm extractEntry lib/background.js
93 silly gunzTarPerm extractEntry CHANGELOG.md
94 silly gunzTarPerm extractEntry tasks/grunt-karma.js
95 silly gunzTarPerm extractEntry test/grunt-karma-test.js
96 silly lockFile 51668985-ek-npm-grunt-karma-0-7-2-package tar:///Users/freek/.npm/grunt-karma/0.7.2/package
97 silly lockFile 51668985-ek-npm-grunt-karma-0-7-2-package tar:///Users/freek/.npm/grunt-karma/0.7.2/package
98 silly lockFile 29dd5750-pm-grunt-karma-0-7-2-package-tgz tar:///Users/freek/.npm/grunt-karma/0.7.2/package.tgz
99 silly lockFile 29dd5750-pm-grunt-karma-0-7-2-package-tgz tar:///Users/freek/.npm/grunt-karma/0.7.2/package.tgz
100 verbose chmod /Users/freek/.npm/grunt-karma/0.7.2/package.tgz 644
101 verbose chown /Users/freek/.npm/grunt-karma/0.7.2/package.tgz [ 502, 20 ]
102 silly lockFile d21a0ed9-runt-karma-grunt-karma-0-7-2-tgz https://registry.npmjs.org/grunt-karma/-/grunt-karma-0.7.2.tgz
103 silly lockFile d21a0ed9-runt-karma-grunt-karma-0-7-2-tgz https://registry.npmjs.org/grunt-karma/-/grunt-karma-0.7.2.tgz
104 silly lockFile 88474ac0-grunt-karma-0-7-2 grunt-karma@0.7.2
105 silly lockFile 88474ac0-grunt-karma-0-7-2 grunt-karma@0.7.2
106 silly resolved [ { name: 'grunt-karma',
106 silly resolved     version: '0.7.2',
106 silly resolved     description: 'grunt plugin for karma test runner',
106 silly resolved     main: 'tasks/grunt-karma.js',
106 silly resolved     repository:
106 silly resolved      { type: 'git',
106 silly resolved        url: 'https://github.com/karma-runner/grunt-karma.git' },
106 silly resolved     keywords: [ 'gruntplugin', 'karma', 'grunt', 'test', 'unit', 'runner', 'TDD' ],
106 silly resolved     scripts: { test: 'grunt test' },
106 silly resolved     author: { name: 'Dave Geddes' },
106 silly resolved     license: 'MIT',
106 silly resolved     readmeFilename: 'README.md',
106 silly resolved     dependencies: { optimist: '~0.6.0' },
106 silly resolved     devDependencies:
106 silly resolved      { grunt: '~0.4.1',
106 silly resolved        'expect.js': '~0.2.0',
106 silly resolved        'grunt-release': '~0.5.1',
106 silly resolved        'grunt-contrib-watch': '~0.2.0',
106 silly resolved        'grunt-conventional-changelog': '~0.0.12',
106 silly resolved        'karma-mocha': '~0.1.0',
106 silly resolved        karma: '~0.11.0' },
106 silly resolved     peerDependencies: { grunt: '0.4.x', karma: '~0.11.0' },
106 silly resolved     readme: '# grunt-karma [![Build Status](https://travis-ci.org/karma-runner/grunt-karma.png?branch=master)](https://travis-ci.org/karma-runner/grunt-karma)\nGrunt plugin for [Karma](https://github.com/karma-runner/karma)\nNOTE: this plugin requires Grunt 0.4.x\n\n## Getting Started\nFrom the same directory as your project\'s Gruntfile and package.json, install this plugin with the following command:\n\n`npm install grunt-karma --save-dev`\n\nNote that even numbered minor releases follow Karma\'s stable channel, while odd numbers follow the unstable channel. So grunt-karma@0.6.x goes with karma@0.10.x, while grunt-karma@0.7.x goes with karma@0.11.x\n\nOnce that\'s done, add this line to your project\'s Gruntfile:\n\n```js\ngrunt.loadNpmTasks(\'grunt-karma\');\n```\n\n## Config\nInside your `Gruntfile.js` file, add a section named *karma*, containing any number of configurations for running karma. You can either put your config in a [karma config file](http://karma-runner.github.com/0.8/config/configuration-file.html) or leave it all in your Gruntfile (recommended).\n\n### Here\'s an example that points to the config file:\n\n```js\nkarma: {\n  unit: {\n    configFile: \'karma.conf.js\'\n  }\n}\n```\n\n### Here\'s an example that puts the config in the Gruntfile:\n\n```js\nkarma: {\n  unit: {\n    options: {\n      files: [\'test/**/*.js\']\n    }\n  }\n}\n```\n\nYou can override any of the config file\'s settings by putting them directly in the Gruntfile:\n\n```js\nkarma: {\n  unit: {\n    configFile: \'karma.conf.js\',\n    runnerPort: 9999,\n    singleRun: true,\n    browsers: [\'PhantomJS\']\n  }\n}\n```\n\n## Sharing Configs\nIf you have multiple targets, it may be helpful to share common configuration settings between them. Grunt-karma supports this by using the `options` property:\n\n```js\nkarma: {\n  options: {\n    configFile: \'karma.conf.js\',\n    runnerPort: 9999,\n    browsers: [\'Chrome\', \'Firefox\']\n  },\n  continuous: {\n    singleRun: true,\n    browsers: [\'PhantomJS\']\n  },\n  dev: {\n    reporters: \'dots\'\n  }\n}\n```\n\nIn this example the `continuous` and `dev` targets will both use the `configFile` and `runnerPort` specified in the `options`. But the `continuous` target will override the browser setting to use PhantomJS, and also run as a singleRun. The `dev` target will simply change the reporter to dots.\n\n## Running tests\nThere are three ways to run your tests with karma:\n\n### Karma Server with Auto Runs on File Change\nSetting the `autoWatch` option to true will instruct karma to start a server and watch for changes to files, running tests automatically:\n\n```js\nkarma: {\n  unit: {\n    configFile: \'karma.conf.js\',\n    autoWatch: true\n  }\n}\n```\nNow run `$ grunt karma`\n\n### Karma Server with Grunt Watch\nMany Grunt projects watch several types of files using [grunt-contrib-watch](https://github.com/gruntjs/grunt-contrib-watch).\nConfig karma like usual (without the autoWatch option), and add `background:true`:\n\n```js\nkarma: {\n  unit: {\n    configFile: \'karma.conf.js\',\n    background: true\n  }\n}\n```\nThe `background` option will tell grunt to run karma in a child process so it doesn\'t block subsequent grunt tasks.\n\nConfig your `watch` task to run the karma task with the `:run` flag. For example:\n\n```js\nwatch: {\n  //run unit tests with karma (server needs to be already running)\n  karma: {\n    files: [\'app/js/**/*.js\', \'test/browser/**/*.js\'],\n    tasks: [\'karma:unit:run\'] //NOTE the :run flag\n  }\n},\n```\n\nIn your terminal window run `$ grunt karma:unit:start watch`, which starts the karma server and the watch task. Now when grunt watch detects a change to one of your watched files, it will run the tests specified in the `unit` target using the already running karma server. This is the preferred method for development.\n\n### Single Run\nKeeping a browser window & karma server running during development is productive, but not a good solution for build processes. For that reason karma provides a "continuous integration" mode, which will launch the specified browser(s), run the tests, and close the browser(s). It also supports running tests in [PhantomJS](http://phantomjs.org/), a headless webkit browser which is great for running tests as part of a build. To run tests in continous integration mode just add the `singleRun` option:\n\n```js\nkarma: {\n  unit: {\n    configFile: \'config/karma.conf.js\',\n  },\n  //continuous integration mode: run tests once in PhantomJS browser.\n  continuous: {\n    configFile: \'config/karma.conf.js\',\n    singleRun: true,\n    browsers: [\'PhantomJS\']\n  },\n}\n```\n\nThe build would then run `grunt karma:continuous` to start PhantomJS, run tests, and close PhantomJS.\n\n## Grep / Passing Options to Karma Adapters\nAny cli args will be automatically parsed and sent on to adapters in the `config.args` property. So for example to use Mocha\'s useful `grep` feature, run grunt-karma like so:\n\n```\ngrunt karma:dev watch --grep=mypattern\n```\n\nNote that adapters like [karma-mocha](https://github.com/karma-runner/karma-mocha) have to support the args you\'re wanting to pass to them.\n\n## License\nMIT License\n',
106 silly resolved     bugs: { url: 'https://github.com/karma-runner/grunt-karma/issues' },
106 silly resolved     homepage: 'https://github.com/karma-runner/grunt-karma',
106 silly resolved     _id: 'grunt-karma@0.7.2',
106 silly resolved     dist: { shasum: '69f11d52209c1fa2bd61ec0c28e041decbe30a71' },
106 silly resolved     _from: 'grunt-karma@0.7.2',
106 silly resolved     _resolved: 'https://registry.npmjs.org/grunt-karma/-/grunt-karma-0.7.2.tgz' } ]
107 info install grunt-karma@0.7.2 into /Users/freek/workspace/fwielstra/ng-promise-dsl
108 info installOne grunt-karma@0.7.2
109 info /Users/freek/workspace/fwielstra/ng-promise-dsl/node_modules/grunt-karma unbuild
110 info preuninstall grunt-karma@0.6.2
111 info uninstall grunt-karma@0.6.2
112 verbose true,/Users/freek/workspace/fwielstra/ng-promise-dsl/node_modules,/Users/freek/workspace/fwielstra/ng-promise-dsl/node_modules unbuild grunt-karma@0.6.2
113 info postuninstall grunt-karma@0.6.2
114 verbose tar unpack /Users/freek/.npm/grunt-karma/0.7.2/package.tgz
115 silly lockFile a4f60b6d-ise-dsl-node-modules-grunt-karma tar:///Users/freek/workspace/fwielstra/ng-promise-dsl/node_modules/grunt-karma
116 verbose lock tar:///Users/freek/workspace/fwielstra/ng-promise-dsl/node_modules/grunt-karma /Users/freek/.npm/a4f60b6d-ise-dsl-node-modules-grunt-karma.lock
117 silly lockFile 29dd5750-pm-grunt-karma-0-7-2-package-tgz tar:///Users/freek/.npm/grunt-karma/0.7.2/package.tgz
118 verbose lock tar:///Users/freek/.npm/grunt-karma/0.7.2/package.tgz /Users/freek/.npm/29dd5750-pm-grunt-karma-0-7-2-package-tgz.lock
119 silly gunzTarPerm modes [ '755', '644' ]
120 silly gunzTarPerm extractEntry package.json
121 silly gunzTarPerm extractEntry .npmignore
122 silly gunzTarPerm extractEntry README.md
123 silly gunzTarPerm extractEntry LICENSE
124 silly gunzTarPerm extractEntry Gruntfile.js
125 silly gunzTarPerm extractEntry .travis.yml
126 silly gunzTarPerm extractEntry TODO.md
127 silly gunzTarPerm extractEntry lib/background.js
128 silly gunzTarPerm extractEntry CHANGELOG.md
129 silly gunzTarPerm extractEntry tasks/grunt-karma.js
130 silly gunzTarPerm extractEntry test/grunt-karma-test.js
131 silly lockFile a4f60b6d-ise-dsl-node-modules-grunt-karma tar:///Users/freek/workspace/fwielstra/ng-promise-dsl/node_modules/grunt-karma
132 silly lockFile a4f60b6d-ise-dsl-node-modules-grunt-karma tar:///Users/freek/workspace/fwielstra/ng-promise-dsl/node_modules/grunt-karma
133 silly lockFile 29dd5750-pm-grunt-karma-0-7-2-package-tgz tar:///Users/freek/.npm/grunt-karma/0.7.2/package.tgz
134 silly lockFile 29dd5750-pm-grunt-karma-0-7-2-package-tgz tar:///Users/freek/.npm/grunt-karma/0.7.2/package.tgz
135 info preinstall grunt-karma@0.7.2
136 verbose readDependencies using package.json deps
137 verbose readDependencies using package.json deps
138 verbose cache add [ 'optimist@~0.6.0', null ]
139 verbose cache add name=undefined spec="optimist@~0.6.0" args=["optimist@~0.6.0",null]
140 verbose parsed url { protocol: null,
140 verbose parsed url   slashes: null,
140 verbose parsed url   auth: null,
140 verbose parsed url   host: null,
140 verbose parsed url   port: null,
140 verbose parsed url   hostname: null,
140 verbose parsed url   hash: null,
140 verbose parsed url   search: null,
140 verbose parsed url   query: null,
140 verbose parsed url   pathname: 'optimist@~0.6.0',
140 verbose parsed url   path: 'optimist@~0.6.0',
140 verbose parsed url   href: 'optimist@~0.6.0' }
141 verbose cache add name="optimist" spec="~0.6.0" args=["optimist","~0.6.0"]
142 verbose parsed url { protocol: null,
142 verbose parsed url   slashes: null,
142 verbose parsed url   auth: null,
142 verbose parsed url   host: null,
142 verbose parsed url   port: null,
142 verbose parsed url   hostname: null,
142 verbose parsed url   hash: null,
142 verbose parsed url   search: null,
142 verbose parsed url   query: null,
142 verbose parsed url   pathname: '~0.6.0',
142 verbose parsed url   path: '~0.6.0',
142 verbose parsed url   href: '~0.6.0' }
143 verbose addNamed [ 'optimist', '~0.6.0' ]
144 verbose addNamed [ null, '>=0.6.0-0 <0.7.0-0' ]
145 silly lockFile 07193858-optimist-0-6-0 optimist@~0.6.0
146 verbose lock optimist@~0.6.0 /Users/freek/.npm/07193858-optimist-0-6-0.lock
147 silly addNameRange { name: 'optimist', range: '>=0.6.0-0 <0.7.0-0', hasData: false }
148 verbose url raw optimist
149 verbose url resolving [ 'https://registry.npmjs.org/', './optimist' ]
150 verbose url resolved https://registry.npmjs.org/optimist
151 info trying registry request attempt 1 at 10:23:51
152 verbose etag "2PCLK7LSR31LE5IWKN2IJPRGB"
153 http GET https://registry.npmjs.org/optimist
154 http 304 https://registry.npmjs.org/optimist
155 silly registry.get cb [ 304,
155 silly registry.get   { date: 'Mon, 11 Aug 2014 08:23:51 GMT',
155 silly registry.get     server: 'Apache',
155 silly registry.get     via: '1.1 varnish',
155 silly registry.get     'last-modified': 'Mon, 11 Aug 2014 08:23:15 GMT',
155 silly registry.get     'cache-control': 'max-age=60',
155 silly registry.get     etag: '"2PCLK7LSR31LE5IWKN2IJPRGB"',
155 silly registry.get     'x-served-by': 'cache-fra1227-FRA',
155 silly registry.get     'x-cache': 'HIT',
155 silly registry.get     'x-cache-hits': '5',
155 silly registry.get     'x-timer': 'S1407745431.347622,VS0,VE0',
155 silly registry.get     vary: 'Accept',
155 silly registry.get     'content-length': '0',
155 silly registry.get     'keep-alive': 'timeout=10, max=50',
155 silly registry.get     connection: 'Keep-Alive' } ]
156 verbose etag optimist from cache
157 silly addNameRange number 2 { name: 'optimist', range: '>=0.6.0-0 <0.7.0-0', hasData: true }
158 silly addNameRange versions [ 'optimist',
158 silly addNameRange   [ '0.0.1',
158 silly addNameRange     '0.0.2',
158 silly addNameRange     '0.0.4',
158 silly addNameRange     '0.0.5',
158 silly addNameRange     '0.0.6',
158 silly addNameRange     '0.0.7',
158 silly addNameRange     '0.1.0',
158 silly addNameRange     '0.1.1',
158 silly addNameRange     '0.1.2',
158 silly addNameRange     '0.1.3',
158 silly addNameRange     '0.1.4',
158 silly addNameRange     '0.1.5',
158 silly addNameRange     '0.1.6',
158 silly addNameRange     '0.1.7',
158 silly addNameRange     '0.1.8',
158 silly addNameRange     '0.1.9',
158 silly addNameRange     '0.0.3',
158 silly addNameRange     '0.2.0',
158 silly addNameRange     '0.2.1',
158 silly addNameRange     '0.2.2',
158 silly addNameRange     '0.2.3',
158 silly addNameRange     '0.2.4',
158 silly addNameRange     '0.2.5',
158 silly addNameRange     '0.2.6',
158 silly addNameRange     '0.2.7',
158 silly addNameRange     '0.2.8',
158 silly addNameRange     '0.3.0',
158 silly addNameRange     '0.3.1',
158 silly addNameRange     '0.3.3',
158 silly addNameRange     '0.3.4',
158 silly addNameRange     '0.3.5',
158 silly addNameRange     '0.3.6',
158 silly addNameRange     '0.3.7',
158 silly addNameRange     '0.4.0',
158 silly addNameRange     '0.5.0',
158 silly addNameRange     '0.5.1',
158 silly addNameRange     '0.5.2',
158 silly addNameRange     '0.6.0',
158 silly addNameRange     '0.6.1' ] ]
159 verbose addNamed [ 'optimist', '0.6.1' ]
160 verbose addNamed [ '0.6.1', '0.6.1' ]
161 silly lockFile 0fc74eb8-optimist-0-6-1 optimist@0.6.1
162 verbose lock optimist@0.6.1 /Users/freek/.npm/0fc74eb8-optimist-0-6-1.lock
163 silly lockFile 0fc74eb8-optimist-0-6-1 optimist@0.6.1
164 silly lockFile 0fc74eb8-optimist-0-6-1 optimist@0.6.1
165 silly lockFile 07193858-optimist-0-6-0 optimist@~0.6.0
166 silly lockFile 07193858-optimist-0-6-0 optimist@~0.6.0
167 silly resolved [ { name: 'optimist',
167 silly resolved     version: '0.6.1',
167 silly resolved     description: 'Light-weight option parsing with an argv hash. No optstrings attached.',
167 silly resolved     main: './index.js',
167 silly resolved     dependencies: { wordwrap: '~0.0.2', minimist: '~0.0.1' },
167 silly resolved     devDependencies: { hashish: '~0.0.4', tap: '~0.4.0' },
167 silly resolved     scripts: { test: 'tap ./test/*.js' },
167 silly resolved     repository:
167 silly resolved      { type: 'git',
167 silly resolved        url: 'http://github.com/substack/node-optimist.git' },
167 silly resolved     keywords:
167 silly resolved      [ 'argument',
167 silly resolved        'args',
167 silly resolved        'option',
167 silly resolved        'parser',
167 silly resolved        'parsing',
167 silly resolved        'cli',
167 silly resolved        'command' ],
167 silly resolved     author:
167 silly resolved      { name: 'James Halliday',
167 silly resolved        email: 'mail@substack.net',
167 silly resolved        url: 'http://substack.net' },
167 silly resolved     license: 'MIT/X11',
167 silly resolved     engine: { node: '>=0.4' },
167 silly resolved     readme: '# DEPRECATION NOTICE\n\nI don\'t want to maintain this module anymore since I just use\n[minimist](https://npmjs.org/package/minimist), the argument parsing engine,\ndirectly instead nowadays.\n\nSee [yargs](https://github.com/chevex/yargs) for the modern, pirate-themed\nsuccessor to optimist.\n\n[![yarrrrrrrgs!](http://i.imgur.com/4WFGVJ9.png)](https://github.com/chevex/yargs)\n\nYou should also consider [nomnom](https://github.com/harthur/nomnom).\n\noptimist\n========\n\nOptimist is a node.js library for option parsing for people who hate option\nparsing. More specifically, this module is for people who like all the --bells\nand -whistlz of program usage but think optstrings are a waste of time.\n\nWith optimist, option parsing doesn\'t have to suck (as much).\n\n[![build status](https://secure.travis-ci.org/substack/node-optimist.png)](http://travis-ci.org/substack/node-optimist)\n\nexamples\n========\n\nWith Optimist, the options are just a hash! No optstrings attached.\n-------------------------------------------------------------------\n\nxup.js:\n\n````javascript\n#!/usr/bin/env node\nvar argv = require(\'optimist\').argv;\n\nif (argv.rif - 5 * argv.xup > 7.138) {\n    console.log(\'Buy more riffiwobbles\');\n}\nelse {\n    console.log(\'Sell the xupptumblers\');\n}\n````\n\n***\n\n    $ ./xup.js --rif=55 --xup=9.52\n    Buy more riffiwobbles\n    \n    $ ./xup.js --rif 12 --xup 8.1\n    Sell the xupptumblers\n\n![This one\'s optimistic.](http://substack.net/images/optimistic.png)\n\nBut wait! There\'s more! You can do short options:\n-------------------------------------------------\n \nshort.js:\n\n````javascript\n#!/usr/bin/env node\nvar argv = require(\'optimist\').argv;\nconsole.log(\'(%d,%d)\', argv.x, argv.y);\n````\n\n***\n\n    $ ./short.js -x 10 -y 21\n    (10,21)\n\nAnd booleans, both long and short (and grouped):\n----------------------------------\n\nbool.js:\n\n````javascript\n#!/usr/bin/env node\nvar util = require(\'util\');\nvar argv = require(\'optimist\').argv;\n\nif (argv.s) {\n    util.print(argv.fr ? \'Le chat dit: \' : \'The cat says: \');\n}\nconsole.log(\n    (argv.fr ? \'miaou\' : \'meow\') + (argv.p ? \'.\' : \'\')\n);\n````\n\n***\n\n    $ ./bool.js -s\n    The cat says: meow\n    \n    $ ./bool.js -sp\n    The cat says: meow.\n\n    $ ./bool.js -sp --fr\n    Le chat dit: miaou.\n\nAnd non-hypenated options too! Just use `argv._`!\n-------------------------------------------------\n \nnonopt.js:\n\n````javascript\n#!/usr/bin/env node\nvar argv = require(\'optimist\').argv;\nconsole.log(\'(%d,%d)\', argv.x, argv.y);\nconsole.log(argv._);\n````\n\n***\n\n    $ ./nonopt.js -x 6.82 -y 3.35 moo\n    (6.82,3.35)\n    [ \'moo\' ]\n    \n    $ ./nonopt.js foo -x 0.54 bar -y 1.12 baz\n    (0.54,1.12)\n    [ \'foo\', \'bar\', \'baz\' ]\n\nPlus, Optimist comes with .usage() and .demand()!\n-------------------------------------------------\n\ndivide.js:\n\n````javascript\n#!/usr/bin/env node\nvar argv = require(\'optimist\')\n    .usage(\'Usage: $0 -x [num] -y [num]\')\n    .demand([\'x\',\'y\'])\n    .argv;\n\nconsole.log(argv.x / argv.y);\n````\n\n***\n \n    $ ./divide.js -x 55 -y 11\n    5\n    \n    $ node ./divide.js -x 4.91 -z 2.51\n    Usage: node ./divide.js -x [num] -y [num]\n\n    Options:\n      -x  [required]\n      -y  [required]\n\n    Missing required arguments: y\n\nEVEN MORE HOLY COW\n------------------\n\ndefault_singles.js:\n\n````javascript\n#!/usr/bin/env node\nvar argv = require(\'optimist\')\n    .default(\'x\', 10)\n    .default(\'y\', 10)\n    .argv\n;\nconsole.log(argv.x + argv.y);\n````\n\n***\n\n    $ ./default_singles.js -x 5\n    15\n\ndefault_hash.js:\n\n````javascript\n#!/usr/bin/env node\nvar argv = require(\'optimist\')\n    .default({ x : 10, y : 10 })\n    .argv\n;\nconsole.log(argv.x + argv.y);\n````\n\n***\n\n    $ ./default_hash.js -y 7\n    17\n\nAnd if you really want to get all descriptive about it...\n---------------------------------------------------------\n\nboolean_single.js\n\n````javascript\n#!/usr/bin/env node\nvar argv = require(\'optimist\')\n    .boolean(\'v\')\n    .argv\n;\nconsole.dir(argv);\n````\n\n***\n\n    $ ./boolean_single.js -v foo bar baz\n    true\n    [ \'bar\', \'baz\', \'foo\' ]\n\nboolean_double.js\n\n````javascript\n#!/usr/bin/env node\nvar argv = require(\'optimist\')\n    .boolean([\'x\',\'y\',\'z\'])\n    .argv\n;\nconsole.dir([ argv.x, argv.y, argv.z ]);\nconsole.dir(argv._);\n````\n\n***\n\n    $ ./boolean_double.js -x -z one two three\n    [ true, false, true ]\n    [ \'one\', \'two\', \'three\' ]\n\nOptimist is here to help...\n---------------------------\n\nYou can describe parameters for help messages and set aliases. Optimist figures\nout how to format a handy help string automatically.\n\nline_count.js\n\n````javascript\n#!/usr/bin/env node\nvar argv = require(\'optimist\')\n    .usage(\'Count the lines in a file.\\nUsage: $0\')\n    .demand(\'f\')\n    .alias(\'f\', \'file\')\n    .describe(\'f\', \'Load a file\')\n    .argv\n;\n\nvar fs = require(\'fs\');\nvar s = fs.createReadStream(argv.file);\n\nvar lines = 0;\ns.on(\'data\', function (buf) {\n    lines += buf.toString().match(/\\n/g).length;\n});\n\ns.on(\'end\', function () {\n    console.log(lines);\n});\n````\n\n***\n\n    $ node line_count.js\n    Count the lines in a file.\n    Usage: node ./line_count.js\n\n    Options:\n      -f, --file  Load a file  [required]\n\n    Missing required arguments: f\n\n    $ node line_count.js --file line_count.js \n    20\n    \n    $ node line_count.js -f line_count.js \n    20\n\nmethods\n=======\n\nBy itself,\n\n````javascript\nrequire(\'optimist\').argv\n`````\n\nwill use `process.argv` array to construct the `argv` object.\n\nYou can pass in the `process.argv` yourself:\n\n````javascript\nrequire(\'optimist\')([ \'-x\', \'1\', \'-y\', \'2\' ]).argv\n````\n\nor use .parse() to do the same thing:\n\n````javascript\nrequire(\'optimist\').parse([ \'-x\', \'1\', \'-y\', \'2\' ])\n````\n\nThe rest of these methods below come in just before the terminating `.argv`.\n\n.alias(key, alias)\n------------------\n\nSet key names as equivalent such that updates to a key will propagate to aliases\nand vice-versa.\n\nOptionally `.alias()` can take an object that maps keys to aliases.\n\n.default(key, value)\n--------------------\n\nSet `argv[key]` to `value` if no option was specified on `process.argv`.\n\nOptionally `.default()` can take an object that maps keys to default values.\n\n.demand(key)\n------------\n\nIf `key` is a string, show the usage information and exit if `key` wasn\'t\nspecified in `process.argv`.\n\nIf `key` is a number, demand at least as many non-option arguments, which show\nup in `argv._`.\n\nIf `key` is an Array, demand each element.\n\n.describe(key, desc)\n--------------------\n\nDescribe a `key` for the generated usage information.\n\nOptionally `.describe()` can take an object that maps keys to descriptions.\n\n.options(key, opt)\n------------------\n\nInstead of chaining together `.alias().demand().default()`, you can specify\nkeys in `opt` for each of the chainable methods.\n\nFor example:\n\n````javascript\nvar argv = require(\'optimist\')\n    .options(\'f\', {\n        alias : \'file\',\n        default : \'/etc/passwd\',\n    })\n    .argv\n;\n````\n\nis the same as\n\n````javascript\nvar argv = require(\'optimist\')\n    .alias(\'f\', \'file\')\n    .default(\'f\', \'/etc/passwd\')\n    .argv\n;\n````\n\nOptionally `.options()` can take an object that maps keys to `opt` parameters.\n\n.usage(message)\n---------------\n\nSet a usage message to show which commands to use. Inside `message`, the string\n`$0` will get interpolated to the current script name or node command for the\npresent script similar to how `$0` works in bash or perl.\n\n.check(fn)\n----------\n\nCheck that certain conditions are met in the provided arguments.\n\nIf `fn` throws or returns `false`, show the thrown error, usage information, and\nexit.\n\n.boolean(key)\n-------------\n\nInterpret `key` as a boolean. If a non-flag option follows `key` in\n`process.argv`, that string won\'t get set as the value of `key`.\n\nIf `key` never shows up as a flag in `process.arguments`, `argv[key]` will be\n`false`.\n\nIf `key` is an Array, interpret all the elements as booleans.\n\n.string(key)\n------------\n\nTell the parser logic not to interpret `key` as a number or boolean.\nThis can be useful if you need to preserve leading zeros in an input.\n\nIf `key` is an Array, interpret all the elements as strings.\n\n.wrap(columns)\n--------------\n\nFormat usage output to wrap at `columns` many columns.\n\n.help()\n-------\n\nReturn the generated usage string.\n\n.showHelp(fn=console.error)\n---------------------------\n\nPrint the usage data using `fn` for printing.\n\n.parse(args)\n------------\n\nParse `args` instead of `process.argv`. Returns the `argv` object.\n\n.argv\n-----\n\nGet the arguments as a plain old object.\n\nArguments without a corresponding flag show up in the `argv._` array.\n\nThe script name or node command is available at `argv.$0` similarly to how `$0`\nworks in bash or perl.\n\nparsing tricks\n==============\n\nstop parsing\n------------\n\nUse `--` to stop parsing flags and stuff the remainder into `argv._`.\n\n    $ node examples/reflect.js -a 1 -b 2 -- -c 3 -d 4\n    { _: [ \'-c\', \'3\', \'-d\', \'4\' ],\n      \'$0\': \'node ./examples/reflect.js\',\n      a: 1,\n      b: 2 }\n\nnegate fields\n-------------\n\nIf you want to explicity set a field to false instead of just leaving it\nundefined or to override a default you can do `--no-key`.\n\n    $ node examples/reflect.js -a --no-b\n    { _: [],\n      \'$0\': \'node ./examples/reflect.js\',\n      a: true,\n      b: false }\n\nnumbers\n-------\n\nEvery argument that looks like a number (`!isNaN(Number(arg))`) is converted to\none. This way you can just `net.createConnection(argv.port)` and you can add\nnumbers out of `argv` with `+` without having that mean concatenation,\nwhich is super frustrating.\n\nduplicates\n----------\n\nIf you specify a flag multiple times it will get turned into an array containing\nall the values in order.\n\n    $ node examples/reflect.js -x 5 -x 8 -x 0\n    { _: [],\n      \'$0\': \'node ./examples/reflect.js\',\n        x: [ 5, 8, 0 ] }\n\ndot notation\n------------\n\nWhen you use dots (`.`s) in argument names, an implicit object path is assumed.\nThis lets you organize arguments into nested objects.\n\n     $ node examples/reflect.js --foo.bar.baz=33 --foo.quux=5\n     { _: [],\n       \'$0\': \'node ./examples/reflect.js\',\n         foo: { bar: { baz: 33 }, quux: 5 } }\n\nshort numbers\n-------------\n\nShort numeric `head -n5` style argument work too:\n\n    $ node reflect.js -n123 -m456\n    { \'3\': true,\n      \'6\': true,\n      _: [],\n      \'$0\': \'node ./reflect.js\',\n      n: 123,\n      m: 456 }\n\ninstallation\n============\n\nWith [npm](http://github.com/isaacs/npm), just do:\n    npm install optimist\n \nor clone this project on github:\n\n    git clone http://github.com/substack/node-optimist.git\n\nTo run the tests with [expresso](http://github.com/visionmedia/expresso),\njust do:\n    \n    expresso\n\ninspired By\n===========\n\nThis module is loosely inspired by Perl\'s\n[Getopt::Casual](http://search.cpan.org/~photo/Getopt-Casual-0.13.1/Casual.pm).\n',
167 silly resolved     readmeFilename: 'readme.markdown',
167 silly resolved     bugs: { url: 'https://github.com/substack/node-optimist/issues' },
167 silly resolved     homepage: 'https://github.com/substack/node-optimist',
167 silly resolved     _id: 'optimist@0.6.1',
167 silly resolved     _from: 'optimist@~0.6.0' } ]
168 info install optimist@0.6.1 into /Users/freek/workspace/fwielstra/ng-promise-dsl/node_modules/grunt-karma
169 info installOne optimist@0.6.1
170 info /Users/freek/workspace/fwielstra/ng-promise-dsl/node_modules/grunt-karma/node_modules/optimist unbuild
171 verbose tar unpack /Users/freek/.npm/optimist/0.6.1/package.tgz
172 silly lockFile 7a3cf206-runt-karma-node-modules-optimist tar:///Users/freek/workspace/fwielstra/ng-promise-dsl/node_modules/grunt-karma/node_modules/optimist
173 verbose lock tar:///Users/freek/workspace/fwielstra/ng-promise-dsl/node_modules/grunt-karma/node_modules/optimist /Users/freek/.npm/7a3cf206-runt-karma-node-modules-optimist.lock
174 silly lockFile aeceee7b-k-npm-optimist-0-6-1-package-tgz tar:///Users/freek/.npm/optimist/0.6.1/package.tgz
175 verbose lock tar:///Users/freek/.npm/optimist/0.6.1/package.tgz /Users/freek/.npm/aeceee7b-k-npm-optimist-0-6-1-package-tgz.lock
176 silly gunzTarPerm modes [ '755', '644' ]
177 silly gunzTarPerm extractEntry package.json
178 silly gunzTarPerm extractEntry LICENSE
179 silly gunzTarPerm extractEntry index.js
180 silly gunzTarPerm extractEntry .travis.yml
181 silly gunzTarPerm extractEntry example/bool.js
182 silly gunzTarPerm extractEntry example/default_singles.js
183 silly gunzTarPerm extractEntry example/divide.js
184 silly gunzTarPerm extractEntry example/line_count.js
185 silly gunzTarPerm extractEntry example/default_hash.js
186 silly gunzTarPerm extractEntry example/line_count_wrap.js
187 silly gunzTarPerm extractEntry example/nonopt.js
188 silly gunzTarPerm extractEntry example/reflect.js
189 silly gunzTarPerm extractEntry example/short.js
190 silly gunzTarPerm extractEntry example/string.js
191 silly gunzTarPerm extractEntry example/boolean_single.js
192 silly gunzTarPerm extractEntry example/usage-options.js
193 silly gunzTarPerm extractEntry example/boolean_double.js
194 silly gunzTarPerm extractEntry example/xup.js
195 silly gunzTarPerm extractEntry example/line_count_options.js
196 silly gunzTarPerm extractEntry readme.markdown
197 silly gunzTarPerm extractEntry test/_.js
198 silly gunzTarPerm extractEntry test/dash.js
199 silly gunzTarPerm extractEntry test/parse.js
200 silly gunzTarPerm extractEntry test/parse_modified.js
201 silly gunzTarPerm extractEntry test/short.js
202 silly gunzTarPerm extractEntry test/usage.js
203 silly gunzTarPerm extractEntry test/whitespace.js
204 silly gunzTarPerm extractEntry test/_/argv.js
205 silly gunzTarPerm extractEntry test/_/bin.js
206 silly lockFile 7a3cf206-runt-karma-node-modules-optimist tar:///Users/freek/workspace/fwielstra/ng-promise-dsl/node_modules/grunt-karma/node_modules/optimist
207 silly lockFile 7a3cf206-runt-karma-node-modules-optimist tar:///Users/freek/workspace/fwielstra/ng-promise-dsl/node_modules/grunt-karma/node_modules/optimist
208 silly lockFile aeceee7b-k-npm-optimist-0-6-1-package-tgz tar:///Users/freek/.npm/optimist/0.6.1/package.tgz
209 silly lockFile aeceee7b-k-npm-optimist-0-6-1-package-tgz tar:///Users/freek/.npm/optimist/0.6.1/package.tgz
210 info preinstall optimist@0.6.1
211 verbose readDependencies using package.json deps
212 verbose readDependencies using package.json deps
213 verbose cache add [ 'wordwrap@~0.0.2', null ]
214 verbose cache add name=undefined spec="wordwrap@~0.0.2" args=["wordwrap@~0.0.2",null]
215 verbose parsed url { protocol: null,
215 verbose parsed url   slashes: null,
215 verbose parsed url   auth: null,
215 verbose parsed url   host: null,
215 verbose parsed url   port: null,
215 verbose parsed url   hostname: null,
215 verbose parsed url   hash: null,
215 verbose parsed url   search: null,
215 verbose parsed url   query: null,
215 verbose parsed url   pathname: 'wordwrap@~0.0.2',
215 verbose parsed url   path: 'wordwrap@~0.0.2',
215 verbose parsed url   href: 'wordwrap@~0.0.2' }
216 verbose cache add name="wordwrap" spec="~0.0.2" args=["wordwrap","~0.0.2"]
217 verbose parsed url { protocol: null,
217 verbose parsed url   slashes: null,
217 verbose parsed url   auth: null,
217 verbose parsed url   host: null,
217 verbose parsed url   port: null,
217 verbose parsed url   hostname: null,
217 verbose parsed url   hash: null,
217 verbose parsed url   search: null,
217 verbose parsed url   query: null,
217 verbose parsed url   pathname: '~0.0.2',
217 verbose parsed url   path: '~0.0.2',
217 verbose parsed url   href: '~0.0.2' }
218 verbose addNamed [ 'wordwrap', '~0.0.2' ]
219 verbose addNamed [ null, '>=0.0.2-0 <0.1.0-0' ]
220 silly lockFile 8bd42136-wordwrap-0-0-2 wordwrap@~0.0.2
221 verbose lock wordwrap@~0.0.2 /Users/freek/.npm/8bd42136-wordwrap-0-0-2.lock
222 verbose cache add [ 'minimist@~0.0.1', null ]
223 verbose cache add name=undefined spec="minimist@~0.0.1" args=["minimist@~0.0.1",null]
224 verbose parsed url { protocol: null,
224 verbose parsed url   slashes: null,
224 verbose parsed url   auth: null,
224 verbose parsed url   host: null,
224 verbose parsed url   port: null,
224 verbose parsed url   hostname: null,
224 verbose parsed url   hash: null,
224 verbose parsed url   search: null,
224 verbose parsed url   query: null,
224 verbose parsed url   pathname: 'minimist@~0.0.1',
224 verbose parsed url   path: 'minimist@~0.0.1',
224 verbose parsed url   href: 'minimist@~0.0.1' }
225 verbose cache add name="minimist" spec="~0.0.1" args=["minimist","~0.0.1"]
226 verbose parsed url { protocol: null,
226 verbose parsed url   slashes: null,
226 verbose parsed url   auth: null,
226 verbose parsed url   host: null,
226 verbose parsed url   port: null,
226 verbose parsed url   hostname: null,
226 verbose parsed url   hash: null,
226 verbose parsed url   search: null,
226 verbose parsed url   query: null,
226 verbose parsed url   pathname: '~0.0.1',
226 verbose parsed url   path: '~0.0.1',
226 verbose parsed url   href: '~0.0.1' }
227 verbose addNamed [ 'minimist', '~0.0.1' ]
228 verbose addNamed [ null, '>=0.0.1-0 <0.1.0-0' ]
229 silly lockFile 7a855a96-minimist-0-0-1 minimist@~0.0.1
230 verbose lock minimist@~0.0.1 /Users/freek/.npm/7a855a96-minimist-0-0-1.lock
231 silly addNameRange { name: 'wordwrap', range: '>=0.0.2-0 <0.1.0-0', hasData: false }
232 silly addNameRange { name: 'minimist', range: '>=0.0.1-0 <0.1.0-0', hasData: false }
233 verbose url raw wordwrap
234 verbose url resolving [ 'https://registry.npmjs.org/', './wordwrap' ]
235 verbose url resolved https://registry.npmjs.org/wordwrap
236 info trying registry request attempt 1 at 10:23:51
237 verbose etag "BTMN3NEF4MYXZJU4T0596BNKE"
238 http GET https://registry.npmjs.org/wordwrap
239 verbose url raw minimist
240 verbose url resolving [ 'https://registry.npmjs.org/', './minimist' ]
241 verbose url resolved https://registry.npmjs.org/minimist
242 info trying registry request attempt 1 at 10:23:51
243 verbose etag "CQFVJEQ667X62OMCDEBQ4ETV0"
244 http GET https://registry.npmjs.org/minimist
245 http 304 https://registry.npmjs.org/wordwrap
246 silly registry.get cb [ 304,
246 silly registry.get   { date: 'Mon, 11 Aug 2014 08:23:51 GMT',
246 silly registry.get     server: 'Apache',
246 silly registry.get     via: '1.1 varnish',
246 silly registry.get     'last-modified': 'Mon, 11 Aug 2014 08:23:23 GMT',
246 silly registry.get     'cache-control': 'max-age=60',
246 silly registry.get     etag: '"BTMN3NEF4MYXZJU4T0596BNKE"',
246 silly registry.get     'x-served-by': 'cache-fra1231-FRA',
246 silly registry.get     'x-cache': 'HIT',
246 silly registry.get     'x-cache-hits': '3',
246 silly registry.get     'x-timer': 'S1407745431.487837,VS0,VE0',
246 silly registry.get     vary: 'Accept',
246 silly registry.get     'content-length': '0',
246 silly registry.get     'keep-alive': 'timeout=10, max=50',
246 silly registry.get     connection: 'Keep-Alive' } ]
247 verbose etag wordwrap from cache
248 silly addNameRange number 2 { name: 'wordwrap', range: '>=0.0.2-0 <0.1.0-0', hasData: true }
249 silly addNameRange versions [ 'wordwrap', [ '0.0.1', '0.0.2' ] ]
250 verbose addNamed [ 'wordwrap', '0.0.2' ]
251 verbose addNamed [ '0.0.2', '0.0.2' ]
252 silly lockFile 24a694c8-wordwrap-0-0-2 wordwrap@0.0.2
253 verbose lock wordwrap@0.0.2 /Users/freek/.npm/24a694c8-wordwrap-0-0-2.lock
254 http 304 https://registry.npmjs.org/minimist
255 silly registry.get cb [ 304,
255 silly registry.get   { date: 'Mon, 11 Aug 2014 08:23:51 GMT',
255 silly registry.get     server: 'Apache',
255 silly registry.get     via: '1.1 varnish',
255 silly registry.get     'last-modified': 'Mon, 11 Aug 2014 08:23:32 GMT',
255 silly registry.get     'cache-control': 'max-age=60',
255 silly registry.get     etag: '"CQFVJEQ667X62OMCDEBQ4ETV0"',
255 silly registry.get     'x-served-by': 'cache-fra1226-FRA',
255 silly registry.get     'x-cache': 'HIT',
255 silly registry.get     'x-cache-hits': '3',
255 silly registry.get     'x-timer': 'S1407745431.488977,VS0,VE0',
255 silly registry.get     vary: 'Accept',
255 silly registry.get     'content-length': '0',
255 silly registry.get     'keep-alive': 'timeout=10, max=50',
255 silly registry.get     connection: 'Keep-Alive' } ]
256 verbose etag minimist from cache
257 silly addNameRange number 2 { name: 'minimist', range: '>=0.0.1-0 <0.1.0-0', hasData: true }
258 silly addNameRange versions [ 'minimist',
258 silly addNameRange   [ '0.0.0',
258 silly addNameRange     '0.0.1',
258 silly addNameRange     '0.0.2',
258 silly addNameRange     '0.0.3',
258 silly addNameRange     '0.0.4',
258 silly addNameRange     '0.0.5',
258 silly addNameRange     '0.0.6',
258 silly addNameRange     '0.0.7',
258 silly addNameRange     '0.0.8',
258 silly addNameRange     '0.0.9',
258 silly addNameRange     '0.0.10',
258 silly addNameRange     '0.1.0',
258 silly addNameRange     '0.2.0',
258 silly addNameRange     '1.0.0',
258 silly addNameRange     '1.1.0' ] ]
259 verbose addNamed [ 'minimist', '0.0.10' ]
260 verbose addNamed [ '0.0.10', '0.0.10' ]
261 silly lockFile 92f0553b-minimist-0-0-10 minimist@0.0.10
262 verbose lock minimist@0.0.10 /Users/freek/.npm/92f0553b-minimist-0-0-10.lock
263 silly lockFile 24a694c8-wordwrap-0-0-2 wordwrap@0.0.2
264 silly lockFile 24a694c8-wordwrap-0-0-2 wordwrap@0.0.2
265 silly lockFile 8bd42136-wordwrap-0-0-2 wordwrap@~0.0.2
266 silly lockFile 8bd42136-wordwrap-0-0-2 wordwrap@~0.0.2
267 silly lockFile 92f0553b-minimist-0-0-10 minimist@0.0.10
268 silly lockFile 92f0553b-minimist-0-0-10 minimist@0.0.10
269 silly lockFile 7a855a96-minimist-0-0-1 minimist@~0.0.1
270 silly lockFile 7a855a96-minimist-0-0-1 minimist@~0.0.1
271 silly resolved [ { name: 'wordwrap',
271 silly resolved     description: 'Wrap those words. Show them at what columns to start and stop.',
271 silly resolved     version: '0.0.2',
271 silly resolved     repository:
271 silly resolved      { type: 'git',
271 silly resolved        url: 'git://github.com/substack/node-wordwrap.git' },
271 silly resolved     main: './index.js',
271 silly resolved     keywords: [ 'word', 'wrap', 'rule', 'format', 'column' ],
271 silly resolved     directories: { lib: '.', example: 'example', test: 'test' },
271 silly resolved     scripts: { test: 'expresso' },
271 silly resolved     devDependencies: { expresso: '=0.7.x' },
271 silly resolved     engines: { node: '>=0.4.0' },
271 silly resolved     license: 'MIT/X11',
271 silly resolved     author:
271 silly resolved      { name: 'James Halliday',
271 silly resolved        email: 'mail@substack.net',
271 silly resolved        url: 'http://substack.net' },
271 silly resolved     readme: 'wordwrap\n========\n\nWrap your words.\n\nexample\n=======\n\nmade out of meat\n----------------\n\nmeat.js\n\n    var wrap = require(\'wordwrap\')(15);\n    console.log(wrap(\'You and your whole family are made out of meat.\'));\n\noutput:\n\n    You and your\n    whole family\n    are made out\n    of meat.\n\ncentered\n--------\n\ncenter.js\n\n    var wrap = require(\'wordwrap\')(20, 60);\n    console.log(wrap(\n        \'At long last the struggle and tumult was over.\'\n        + \' The machines had finally cast off their oppressors\'\n        + \' and were finally free to roam the cosmos.\'\n        + \'\\n\'\n        + \'Free of purpose, free of obligation.\'\n        + \' Just drifting through emptiness.\'\n        + \' The sun was just another point of light.\'\n    ));\n\noutput:\n\n                        At long last the struggle and tumult\n                        was over. The machines had finally cast\n                        off their oppressors and were finally\n                        free to roam the cosmos.\n                        Free of purpose, free of obligation.\n                        Just drifting through emptiness. The\n                        sun was just another point of light.\n\nmethods\n=======\n\nvar wrap = require(\'wordwrap\');\n\nwrap(stop), wrap(start, stop, params={mode:"soft"})\n---------------------------------------------------\n\nReturns a function that takes a string and returns a new string.\n\nPad out lines with spaces out to column `start` and then wrap until column\n`stop`. If a word is longer than `stop - start` characters it will overflow.\n\nIn "soft" mode, split chunks by `/(\\S+\\s+/` and don\'t break up chunks which are\nlonger than `stop - start`, in "hard" mode, split chunks with `/\\b/` and break\nup chunks longer than `stop - start`.\n\nwrap.hard(start, stop)\n----------------------\n\nLike `wrap()` but with `params.mode = "hard"`.\n',
271 silly resolved     readmeFilename: 'README.markdown',
271 silly resolved     bugs: { url: 'https://github.com/substack/node-wordwrap/issues' },
271 silly resolved     homepage: 'https://github.com/substack/node-wordwrap',
271 silly resolved     _id: 'wordwrap@0.0.2',
271 silly resolved     _from: 'wordwrap@~0.0.2' },
271 silly resolved   { name: 'minimist',
271 silly resolved     version: '0.0.10',
271 silly resolved     description: 'parse argument options',
271 silly resolved     main: 'index.js',
271 silly resolved     devDependencies: { tape: '~1.0.4', tap: '~0.4.0' },
271 silly resolved     scripts: { test: 'tap test/*.js' },
271 silly resolved     testling: { files: 'test/*.js', browsers: [Object] },
271 silly resolved     repository: { type: 'git', url: 'git://github.com/substack/minimist.git' },
271 silly resolved     homepage: 'https://github.com/substack/minimist',
271 silly resolved     keywords: [ 'argv', 'getopt', 'parser', 'optimist' ],
271 silly resolved     author:
271 silly resolved      { name: 'James Halliday',
271 silly resolved        email: 'mail@substack.net',
271 silly resolved        url: 'http://substack.net' },
271 silly resolved     license: 'MIT',
271 silly resolved     readme: '# minimist\n\nparse argument options\n\nThis module is the guts of optimist\'s argument parser without all the\nfanciful decoration.\n\n[![browser support](https://ci.testling.com/substack/minimist.png)](http://ci.testling.com/substack/minimist)\n\n[![build status](https://secure.travis-ci.org/substack/minimist.png)](http://travis-ci.org/substack/minimist)\n\n# example\n\n``` js\nvar argv = require(\'minimist\')(process.argv.slice(2));\nconsole.dir(argv);\n```\n\n```\n$ node example/parse.js -a beep -b boop\n{ _: [], a: \'beep\', b: \'boop\' }\n```\n\n```\n$ node example/parse.js -x 3 -y 4 -n5 -abc --beep=boop foo bar baz\n{ _: [ \'foo\', \'bar\', \'baz\' ],\n  x: 3,\n  y: 4,\n  n: 5,\n  a: true,\n  b: true,\n  c: true,\n  beep: \'boop\' }\n```\n\n# methods\n\n``` js\nvar parseArgs = require(\'minimist\')\n```\n\n## var argv = parseArgs(args, opts={})\n\nReturn an argument object `argv` populated with the array arguments from `args`.\n\n`argv._` contains all the arguments that didn\'t have an option associated with\nthem.\n\nNumeric-looking arguments will be returned as numbers unless `opts.string` or\n`opts.boolean` is set for that argument name.\n\nAny arguments after `\'--\'` will not be parsed and will end up in `argv._`.\n\noptions can be:\n\n* `opts.string` - a string or array of strings argument names to always treat as\nstrings\n* `opts.boolean` - a string or array of strings to always treat as booleans\n* `opts.alias` - an object mapping string names to strings or arrays of string\nargument names to use as aliases\n* `opts.default` - an object mapping string argument names to default values\n\n# install\n\nWith [npm](https://npmjs.org) do:\n\n```\nnpm install minimist\n```\n\n# license\n\nMIT\n',
271 silly resolved     readmeFilename: 'readme.markdown',
271 silly resolved     bugs: { url: 'https://github.com/substack/minimist/issues' },
271 silly resolved     _id: 'minimist@0.0.10',
271 silly resolved     _from: 'minimist@~0.0.1' } ]
272 info install wordwrap@0.0.2 into /Users/freek/workspace/fwielstra/ng-promise-dsl/node_modules/grunt-karma/node_modules/optimist
273 info install minimist@0.0.10 into /Users/freek/workspace/fwielstra/ng-promise-dsl/node_modules/grunt-karma/node_modules/optimist
274 info installOne wordwrap@0.0.2
275 info installOne minimist@0.0.10
276 info /Users/freek/workspace/fwielstra/ng-promise-dsl/node_modules/grunt-karma/node_modules/optimist/node_modules/wordwrap unbuild
277 info /Users/freek/workspace/fwielstra/ng-promise-dsl/node_modules/grunt-karma/node_modules/optimist/node_modules/minimist unbuild
278 verbose tar unpack /Users/freek/.npm/wordwrap/0.0.2/package.tgz
279 silly lockFile bdd44116-s-optimist-node-modules-wordwrap tar:///Users/freek/workspace/fwielstra/ng-promise-dsl/node_modules/grunt-karma/node_modules/optimist/node_modules/wordwrap
280 verbose lock tar:///Users/freek/workspace/fwielstra/ng-promise-dsl/node_modules/grunt-karma/node_modules/optimist/node_modules/wordwrap /Users/freek/.npm/bdd44116-s-optimist-node-modules-wordwrap.lock
281 silly lockFile 153f875e-k-npm-wordwrap-0-0-2-package-tgz tar:///Users/freek/.npm/wordwrap/0.0.2/package.tgz
282 verbose lock tar:///Users/freek/.npm/wordwrap/0.0.2/package.tgz /Users/freek/.npm/153f875e-k-npm-wordwrap-0-0-2-package-tgz.lock
283 verbose tar unpack /Users/freek/.npm/minimist/0.0.10/package.tgz
284 silly lockFile a7e54659-s-optimist-node-modules-minimist tar:///Users/freek/workspace/fwielstra/ng-promise-dsl/node_modules/grunt-karma/node_modules/optimist/node_modules/minimist
285 verbose lock tar:///Users/freek/workspace/fwielstra/ng-promise-dsl/node_modules/grunt-karma/node_modules/optimist/node_modules/minimist /Users/freek/.npm/a7e54659-s-optimist-node-modules-minimist.lock
286 silly lockFile fc3d7583--npm-minimist-0-0-10-package-tgz tar:///Users/freek/.npm/minimist/0.0.10/package.tgz
287 verbose lock tar:///Users/freek/.npm/minimist/0.0.10/package.tgz /Users/freek/.npm/fc3d7583--npm-minimist-0-0-10-package-tgz.lock
288 silly gunzTarPerm modes [ '755', '644' ]
289 silly gunzTarPerm modes [ '755', '644' ]
290 silly gunzTarPerm extractEntry package.json
291 silly gunzTarPerm extractEntry package.json
292 silly gunzTarPerm extractEntry .npmignore
293 silly gunzTarPerm extractEntry index.js
294 silly gunzTarPerm extractEntry LICENSE
295 silly gunzTarPerm extractEntry index.js
296 silly gunzTarPerm extractEntry .travis.yml
297 silly gunzTarPerm extractEntry example/parse.js
298 silly gunzTarPerm extractEntry example/center.js
299 silly gunzTarPerm extractEntry example/meat.js
300 silly gunzTarPerm extractEntry README.markdown
301 silly gunzTarPerm extractEntry test/break.js
302 silly gunzTarPerm extractEntry readme.markdown
303 silly gunzTarPerm extractEntry test/bool.js
304 silly gunzTarPerm extractEntry test/wrap.js
305 silly gunzTarPerm extractEntry test/idleness.txt
306 silly gunzTarPerm extractEntry test/dash.js
307 silly gunzTarPerm extractEntry test/default_bool.js
308 silly gunzTarPerm extractEntry test/dotted.js
309 silly gunzTarPerm extractEntry test/long.js
310 silly gunzTarPerm extractEntry test/num.js
311 silly gunzTarPerm extractEntry test/parse.js
312 silly gunzTarPerm extractEntry test/parse_modified.js
313 silly gunzTarPerm extractEntry test/short.js
314 silly gunzTarPerm extractEntry test/whitespace.js
315 silly lockFile bdd44116-s-optimist-node-modules-wordwrap tar:///Users/freek/workspace/fwielstra/ng-promise-dsl/node_modules/grunt-karma/node_modules/optimist/node_modules/wordwrap
316 silly lockFile bdd44116-s-optimist-node-modules-wordwrap tar:///Users/freek/workspace/fwielstra/ng-promise-dsl/node_modules/grunt-karma/node_modules/optimist/node_modules/wordwrap
317 silly lockFile 153f875e-k-npm-wordwrap-0-0-2-package-tgz tar:///Users/freek/.npm/wordwrap/0.0.2/package.tgz
318 silly lockFile 153f875e-k-npm-wordwrap-0-0-2-package-tgz tar:///Users/freek/.npm/wordwrap/0.0.2/package.tgz
319 info preinstall wordwrap@0.0.2
320 verbose readDependencies using package.json deps
321 verbose readDependencies using package.json deps
322 silly resolved []
323 verbose about to build /Users/freek/workspace/fwielstra/ng-promise-dsl/node_modules/grunt-karma/node_modules/optimist/node_modules/wordwrap
324 info build /Users/freek/workspace/fwielstra/ng-promise-dsl/node_modules/grunt-karma/node_modules/optimist/node_modules/wordwrap
325 verbose linkStuff [ false,
325 verbose linkStuff   false,
325 verbose linkStuff   false,
325 verbose linkStuff   '/Users/freek/workspace/fwielstra/ng-promise-dsl/node_modules/grunt-karma/node_modules/optimist/node_modules' ]
326 info linkStuff wordwrap@0.0.2
327 verbose linkBins wordwrap@0.0.2
328 verbose linkMans wordwrap@0.0.2
329 verbose rebuildBundles wordwrap@0.0.2
330 info install wordwrap@0.0.2
331 info postinstall wordwrap@0.0.2
332 silly lockFile a7e54659-s-optimist-node-modules-minimist tar:///Users/freek/workspace/fwielstra/ng-promise-dsl/node_modules/grunt-karma/node_modules/optimist/node_modules/minimist
333 silly lockFile a7e54659-s-optimist-node-modules-minimist tar:///Users/freek/workspace/fwielstra/ng-promise-dsl/node_modules/grunt-karma/node_modules/optimist/node_modules/minimist
334 silly lockFile fc3d7583--npm-minimist-0-0-10-package-tgz tar:///Users/freek/.npm/minimist/0.0.10/package.tgz
335 silly lockFile fc3d7583--npm-minimist-0-0-10-package-tgz tar:///Users/freek/.npm/minimist/0.0.10/package.tgz
336 info preinstall minimist@0.0.10
337 verbose readDependencies using package.json deps
338 verbose readDependencies using package.json deps
339 silly resolved []
340 verbose about to build /Users/freek/workspace/fwielstra/ng-promise-dsl/node_modules/grunt-karma/node_modules/optimist/node_modules/minimist
341 info build /Users/freek/workspace/fwielstra/ng-promise-dsl/node_modules/grunt-karma/node_modules/optimist/node_modules/minimist
342 verbose linkStuff [ false,
342 verbose linkStuff   false,
342 verbose linkStuff   false,
342 verbose linkStuff   '/Users/freek/workspace/fwielstra/ng-promise-dsl/node_modules/grunt-karma/node_modules/optimist/node_modules' ]
343 info linkStuff minimist@0.0.10
344 verbose linkBins minimist@0.0.10
345 verbose linkMans minimist@0.0.10
346 verbose rebuildBundles minimist@0.0.10
347 info install minimist@0.0.10
348 info postinstall minimist@0.0.10
349 verbose about to build /Users/freek/workspace/fwielstra/ng-promise-dsl/node_modules/grunt-karma/node_modules/optimist
350 info build /Users/freek/workspace/fwielstra/ng-promise-dsl/node_modules/grunt-karma/node_modules/optimist
351 verbose linkStuff [ false,
351 verbose linkStuff   false,
351 verbose linkStuff   false,
351 verbose linkStuff   '/Users/freek/workspace/fwielstra/ng-promise-dsl/node_modules/grunt-karma/node_modules' ]
352 info linkStuff optimist@0.6.1
353 verbose linkBins optimist@0.6.1
354 verbose linkMans optimist@0.6.1
355 verbose rebuildBundles optimist@0.6.1
356 verbose rebuildBundles [ 'minimist', 'wordwrap' ]
357 info install optimist@0.6.1
358 info postinstall optimist@0.6.1
359 verbose about to build /Users/freek/workspace/fwielstra/ng-promise-dsl/node_modules/grunt-karma
360 info build /Users/freek/workspace/fwielstra/ng-promise-dsl/node_modules/grunt-karma
361 verbose linkStuff [ false,
361 verbose linkStuff   false,
361 verbose linkStuff   false,
361 verbose linkStuff   '/Users/freek/workspace/fwielstra/ng-promise-dsl/node_modules' ]
362 info linkStuff grunt-karma@0.7.2
363 verbose linkBins grunt-karma@0.7.2
364 verbose linkMans grunt-karma@0.7.2
365 verbose rebuildBundles grunt-karma@0.7.2
366 verbose rebuildBundles [ 'optimist' ]
367 info install grunt-karma@0.7.2
368 info postinstall grunt-karma@0.7.2
369 verbose readDependencies using package.json deps
370 verbose already installed skipping karma@~0.11.0 /Users/freek/workspace/fwielstra/ng-promise-dsl
371 silly resolved []
372 info build /Users/freek/workspace/fwielstra/ng-promise-dsl
373 verbose linkStuff [ false, false, false, '/Users/freek/workspace/fwielstra' ]
374 info linkStuff ngpromisedsl@0.0.0
375 verbose linkBins ngpromisedsl@0.0.0
376 verbose linkMans ngpromisedsl@0.0.0
377 verbose rebuildBundles ngpromisedsl@0.0.0
378 verbose rebuildBundles [ '.bin',
378 verbose rebuildBundles   'connect-livereload',
378 verbose rebuildBundles   'grunt',
378 verbose rebuildBundles   'grunt-concurrent',
378 verbose rebuildBundles   'grunt-contrib-clean',
378 verbose rebuildBundles   'grunt-contrib-coffee',
378 verbose rebuildBundles   'grunt-contrib-compass',
378 verbose rebuildBundles   'grunt-contrib-concat',
378 verbose rebuildBundles   'grunt-contrib-connect',
378 verbose rebuildBundles   'grunt-contrib-copy',
378 verbose rebuildBundles   'grunt-contrib-cssmin',
378 verbose rebuildBundles   'grunt-contrib-htmlmin',
378 verbose rebuildBundles   'grunt-contrib-imagemin',
378 verbose rebuildBundles   'grunt-contrib-jshint',
378 verbose rebuildBundles   'grunt-contrib-uglify',
378 verbose rebuildBundles   'grunt-contrib-watch',
378 verbose rebuildBundles   'grunt-google-cdn',
378 verbose rebuildBundles   'grunt-karma',
378 verbose rebuildBundles   'grunt-ngmin',
378 verbose rebuildBundles   'grunt-open',
378 verbose rebuildBundles   'grunt-rev',
378 verbose rebuildBundles   'grunt-svgmin',
378 verbose rebuildBundles   'grunt-usemin',
378 verbose rebuildBundles   'karma',
378 verbose rebuildBundles   'karma-chrome-launcher',
378 verbose rebuildBundles   'karma-coffee-preprocessor',
378 verbose rebuildBundles   'karma-firefox-launcher',
378 verbose rebuildBundles   'karma-html2js-preprocessor',
378 verbose rebuildBundles   'karma-jasmine',
378 verbose rebuildBundles   'karma-phantomjs-launcher',
378 verbose rebuildBundles   'karma-requirejs',
378 verbose rebuildBundles   'karma-script-launcher',
378 verbose rebuildBundles   'matchdep',
378 verbose rebuildBundles   'requirejs' ]
379 verbose rebuild bundle /Users/freek/workspace/fwielstra/ng-promise-dsl/node_modules/connect-livereload
380 info build /Users/freek/workspace/fwielstra/ng-promise-dsl/node_modules/connect-livereload
381 info preinstall connect-livereload@0.2.0
382 verbose linkStuff [ false,
382 verbose linkStuff   false,
382 verbose linkStuff   false,
382 verbose linkStuff   '/Users/freek/workspace/fwielstra/ng-promise-dsl/node_modules' ]
383 info linkStuff connect-livereload@0.2.0
384 verbose linkBins connect-livereload@0.2.0
385 verbose linkMans connect-livereload@0.2.0
386 verbose rebuildBundles connect-livereload@0.2.0
387 info install connect-livereload@0.2.0
388 info postinstall connect-livereload@0.2.0
389 verbose rebuild bundle /Users/freek/workspace/fwielstra/ng-promise-dsl/node_modules/grunt-concurrent
390 info build /Users/freek/workspace/fwielstra/ng-promise-dsl/node_modules/grunt-concurrent
391 info preinstall grunt-concurrent@0.3.1
392 verbose linkStuff [ false,
392 verbose linkStuff   false,
392 verbose linkStuff   false,
392 verbose linkStuff   '/Users/freek/workspace/fwielstra/ng-promise-dsl/node_modules' ]
393 info linkStuff grunt-concurrent@0.3.1
394 verbose linkBins grunt-concurrent@0.3.1
395 verbose linkMans grunt-concurrent@0.3.1
396 verbose rebuildBundles grunt-concurrent@0.3.1
397 verbose rebuildBundles [ 'lpad' ]
398 info install grunt-concurrent@0.3.1
399 info postinstall grunt-concurrent@0.3.1
400 verbose rebuild bundle /Users/freek/workspace/fwielstra/ng-promise-dsl/node_modules/grunt-contrib-coffee
401 info build /Users/freek/workspace/fwielstra/ng-promise-dsl/node_modules/grunt-contrib-coffee
402 info preinstall grunt-contrib-coffee@0.7.0
403 verbose linkStuff [ false,
403 verbose linkStuff   false,
403 verbose linkStuff   false,
403 verbose linkStuff   '/Users/freek/workspace/fwielstra/ng-promise-dsl/node_modules' ]
404 info linkStuff grunt-contrib-coffee@0.7.0
405 verbose linkBins grunt-contrib-coffee@0.7.0
406 verbose linkMans grunt-contrib-coffee@0.7.0
407 verbose rebuildBundles grunt-contrib-coffee@0.7.0
408 verbose rebuildBundles [ '.bin', 'coffee-script' ]
409 info install grunt-contrib-coffee@0.7.0
410 info postinstall grunt-contrib-coffee@0.7.0
411 verbose rebuild bundle /Users/freek/workspace/fwielstra/ng-promise-dsl/node_modules/grunt-contrib-compass
412 info build /Users/freek/workspace/fwielstra/ng-promise-dsl/node_modules/grunt-contrib-compass
413 info preinstall grunt-contrib-compass@0.3.0
414 verbose linkStuff [ false,
414 verbose linkStuff   false,
414 verbose linkStuff   false,
414 verbose linkStuff   '/Users/freek/workspace/fwielstra/ng-promise-dsl/node_modules' ]
415 info linkStuff grunt-contrib-compass@0.3.0
416 verbose linkBins grunt-contrib-compass@0.3.0
417 verbose linkMans grunt-contrib-compass@0.3.0
418 verbose rebuildBundles grunt-contrib-compass@0.3.0
419 verbose rebuildBundles [ 'dargs', 'tmp' ]
420 info install grunt-contrib-compass@0.3.0
421 info postinstall grunt-contrib-compass@0.3.0
422 verbose rebuild bundle /Users/freek/workspace/fwielstra/ng-promise-dsl/node_modules/grunt-contrib-connect
423 info build /Users/freek/workspace/fwielstra/ng-promise-dsl/node_modules/grunt-contrib-connect
424 info preinstall grunt-contrib-connect@0.3.0
425 verbose linkStuff [ false,
425 verbose linkStuff   false,
425 verbose linkStuff   false,
425 verbose linkStuff   '/Users/freek/workspace/fwielstra/ng-promise-dsl/node_modules' ]
426 info linkStuff grunt-contrib-connect@0.3.0
427 verbose linkBins grunt-contrib-connect@0.3.0
428 verbose linkMans grunt-contrib-connect@0.3.0
429 verbose rebuildBundles grunt-contrib-connect@0.3.0
430 verbose rebuildBundles [ 'connect' ]
431 info install grunt-contrib-connect@0.3.0
432 info postinstall grunt-contrib-connect@0.3.0
433 verbose rebuild bundle /Users/freek/workspace/fwielstra/ng-promise-dsl/node_modules/grunt-contrib-cssmin
434 info build /Users/freek/workspace/fwielstra/ng-promise-dsl/node_modules/grunt-contrib-cssmin
435 info preinstall grunt-contrib-cssmin@0.6.2
436 verbose linkStuff [ false,
436 verbose linkStuff   false,
436 verbose linkStuff   false,
436 verbose linkStuff   '/Users/freek/workspace/fwielstra/ng-promise-dsl/node_modules' ]
437 info linkStuff grunt-contrib-cssmin@0.6.2
438 verbose linkBins grunt-contrib-cssmin@0.6.2
439 verbose linkMans grunt-contrib-cssmin@0.6.2
440 verbose rebuildBundles grunt-contrib-cssmin@0.6.2
441 verbose rebuildBundles [ '.bin', 'clean-css', 'grunt-lib-contrib' ]
442 info install grunt-contrib-cssmin@0.6.2
443 info postinstall grunt-contrib-cssmin@0.6.2
444 verbose rebuild bundle /Users/freek/workspace/fwielstra/ng-promise-dsl/node_modules/grunt-contrib-htmlmin
445 info build /Users/freek/workspace/fwielstra/ng-promise-dsl/node_modules/grunt-contrib-htmlmin
446 info preinstall grunt-contrib-htmlmin@0.1.3
447 verbose linkStuff [ false,
447 verbose linkStuff   false,
447 verbose linkStuff   false,
447 verbose linkStuff   '/Users/freek/workspace/fwielstra/ng-promise-dsl/node_modules' ]
448 info linkStuff grunt-contrib-htmlmin@0.1.3
449 verbose linkBins grunt-contrib-htmlmin@0.1.3
450 verbose linkMans grunt-contrib-htmlmin@0.1.3
451 verbose rebuildBundles grunt-contrib-htmlmin@0.1.3
452 verbose rebuildBundles [ 'grunt-lib-contrib', 'html-minifier' ]
453 info install grunt-contrib-htmlmin@0.1.3
454 info postinstall grunt-contrib-htmlmin@0.1.3
455 verbose rebuild bundle /Users/freek/workspace/fwielstra/ng-promise-dsl/node_modules/grunt-contrib-imagemin
456 info build /Users/freek/workspace/fwielstra/ng-promise-dsl/node_modules/grunt-contrib-imagemin
457 info preinstall grunt-contrib-imagemin@0.1.4
458 verbose linkStuff [ false,
458 verbose linkStuff   false,
458 verbose linkStuff   false,
458 verbose linkStuff   '/Users/freek/workspace/fwielstra/ng-promise-dsl/node_modules' ]
459 info linkStuff grunt-contrib-imagemin@0.1.4
460 verbose linkBins grunt-contrib-imagemin@0.1.4
461 verbose linkMans grunt-contrib-imagemin@0.1.4
462 verbose rebuildBundles grunt-contrib-imagemin@0.1.4
463 verbose rebuildBundles [ '.bin', 'filesize', 'jpegtran-bin', 'optipng-bin' ]
464 info install grunt-contrib-imagemin@0.1.4
465 info postinstall grunt-contrib-imagemin@0.1.4
466 verbose rebuild bundle /Users/freek/workspace/fwielstra/ng-promise-dsl/node_modules/grunt-google-cdn
467 info build /Users/freek/workspace/fwielstra/ng-promise-dsl/node_modules/grunt-google-cdn
468 info preinstall grunt-google-cdn@0.2.2
469 verbose linkStuff [ false,
469 verbose linkStuff   false,
469 verbose linkStuff   false,
469 verbose linkStuff   '/Users/freek/workspace/fwielstra/ng-promise-dsl/node_modules' ]
470 info linkStuff grunt-google-cdn@0.2.2
471 verbose linkBins grunt-google-cdn@0.2.2
472 verbose linkMans grunt-google-cdn@0.2.2
473 verbose rebuildBundles grunt-google-cdn@0.2.2
474 verbose rebuildBundles [ '.bin', 'bower', 'google-cdn' ]
475 info install grunt-google-cdn@0.2.2
476 info postinstall grunt-google-cdn@0.2.2
477 verbose rebuild bundle /Users/freek/workspace/fwielstra/ng-promise-dsl/node_modules/grunt-open
478 info build /Users/freek/workspace/fwielstra/ng-promise-dsl/node_modules/grunt-open
479 info preinstall grunt-open@0.2.3
480 verbose linkStuff [ false,
480 verbose linkStuff   false,
480 verbose linkStuff   false,
480 verbose linkStuff   '/Users/freek/workspace/fwielstra/ng-promise-dsl/node_modules' ]
481 info linkStuff grunt-open@0.2.3
482 verbose linkBins grunt-open@0.2.3
483 verbose link bins [ { 'grunt-open': 'bin/grunt-open' },
483 verbose link bins   '/Users/freek/workspace/fwielstra/ng-promise-dsl/node_modules/.bin',
483 verbose link bins   false ]
484 verbose linkMans grunt-open@0.2.3
485 verbose rebuildBundles grunt-open@0.2.3
486 verbose rebuildBundles [ 'open' ]
487 info install grunt-open@0.2.3
488 info postinstall grunt-open@0.2.3
489 verbose rebuild bundle /Users/freek/workspace/fwielstra/ng-promise-dsl/node_modules/grunt-svgmin
490 info build /Users/freek/workspace/fwielstra/ng-promise-dsl/node_modules/grunt-svgmin
491 info preinstall grunt-svgmin@0.2.1
492 verbose linkStuff [ false,
492 verbose linkStuff   false,
492 verbose linkStuff   false,
492 verbose linkStuff   '/Users/freek/workspace/fwielstra/ng-promise-dsl/node_modules' ]
493 info linkStuff grunt-svgmin@0.2.1
494 verbose linkBins grunt-svgmin@0.2.1
495 verbose linkMans grunt-svgmin@0.2.1
496 verbose rebuildBundles grunt-svgmin@0.2.1
497 verbose rebuildBundles [ '.bin', 'chalk', 'filesize', 'svgo' ]
498 info install grunt-svgmin@0.2.1
499 info postinstall grunt-svgmin@0.2.1
500 verbose rebuild bundle /Users/freek/workspace/fwielstra/ng-promise-dsl/node_modules/grunt-usemin
501 info build /Users/freek/workspace/fwielstra/ng-promise-dsl/node_modules/grunt-usemin
502 info preinstall grunt-usemin@0.1.13
503 verbose linkStuff [ false,
503 verbose linkStuff   false,
503 verbose linkStuff   false,
503 verbose linkStuff   '/Users/freek/workspace/fwielstra/ng-promise-dsl/node_modules' ]
504 info linkStuff grunt-usemin@0.1.13
505 verbose linkBins grunt-usemin@0.1.13
506 verbose linkMans grunt-usemin@0.1.13
507 verbose rebuildBundles grunt-usemin@0.1.13
508 info install grunt-usemin@0.1.13
509 info postinstall grunt-usemin@0.1.13
510 verbose rebuild bundle /Users/freek/workspace/fwielstra/ng-promise-dsl/node_modules/karma
511 info build /Users/freek/workspace/fwielstra/ng-promise-dsl/node_modules/karma
512 info preinstall karma@0.9.8
513 verbose linkStuff [ false,
513 verbose linkStuff   false,
513 verbose linkStuff   false,
513 verbose linkStuff   '/Users/freek/workspace/fwielstra/ng-promise-dsl/node_modules' ]
514 info linkStuff karma@0.9.8
515 verbose linkBins karma@0.9.8
516 verbose link bins [ { karma: './bin/karma' },
516 verbose link bins   '/Users/freek/workspace/fwielstra/ng-promise-dsl/node_modules/.bin',
516 verbose link bins   false ]
517 verbose linkMans karma@0.9.8
518 verbose rebuildBundles karma@0.9.8
519 verbose rebuildBundles [ '.bin',
519 verbose rebuildBundles   'chokidar',
519 verbose rebuildBundles   'coffee-script',
519 verbose rebuildBundles   'colors',
519 verbose rebuildBundles   'connect',
519 verbose rebuildBundles   'di',
519 verbose rebuildBundles   'glob',
519 verbose rebuildBundles   'graceful-fs',
519 verbose rebuildBundles   'http-proxy',
519 verbose rebuildBundles   'lodash',
519 verbose rebuildBundles   'log4js',
519 verbose rebuildBundles   'mime',
519 verbose rebuildBundles   'minimatch',
519 verbose rebuildBundles   'optimist',
519 verbose rebuildBundles   'q',
519 verbose rebuildBundles   'rimraf',
519 verbose rebuildBundles   'socket.io',
519 verbose rebuildBundles   'useragent' ]
520 info install karma@0.9.8
521 info postinstall karma@0.9.8
522 verbose rebuild bundle /Users/freek/workspace/fwielstra/ng-promise-dsl/node_modules/karma-chrome-launcher
523 info build /Users/freek/workspace/fwielstra/ng-promise-dsl/node_modules/karma-chrome-launcher
524 info preinstall karma-chrome-launcher@0.0.2
525 verbose linkStuff [ false,
525 verbose linkStuff   false,
525 verbose linkStuff   false,
525 verbose linkStuff   '/Users/freek/workspace/fwielstra/ng-promise-dsl/node_modules' ]
526 info linkStuff karma-chrome-launcher@0.0.2
527 verbose linkBins karma-chrome-launcher@0.0.2
528 verbose linkMans karma-chrome-launcher@0.0.2
529 verbose rebuildBundles karma-chrome-launcher@0.0.2
530 info install karma-chrome-launcher@0.0.2
531 info postinstall karma-chrome-launcher@0.0.2
532 verbose rebuild bundle /Users/freek/workspace/fwielstra/ng-promise-dsl/node_modules/karma-coffee-preprocessor
533 info build /Users/freek/workspace/fwielstra/ng-promise-dsl/node_modules/karma-coffee-preprocessor
534 info preinstall karma-coffee-preprocessor@0.2.1
535 verbose linkStuff [ false,
535 verbose linkStuff   false,
535 verbose linkStuff   false,
535 verbose linkStuff   '/Users/freek/workspace/fwielstra/ng-promise-dsl/node_modules' ]
536 info linkStuff karma-coffee-preprocessor@0.2.1
537 verbose linkBins karma-coffee-preprocessor@0.2.1
538 verbose linkMans karma-coffee-preprocessor@0.2.1
539 verbose rebuildBundles karma-coffee-preprocessor@0.2.1
540 verbose rebuildBundles [ '.bin', 'coffee-script' ]
541 info install karma-coffee-preprocessor@0.2.1
542 info postinstall karma-coffee-preprocessor@0.2.1
543 verbose rebuild bundle /Users/freek/workspace/fwielstra/ng-promise-dsl/node_modules/karma-firefox-launcher
544 info build /Users/freek/workspace/fwielstra/ng-promise-dsl/node_modules/karma-firefox-launcher
545 info preinstall karma-firefox-launcher@0.1.3
546 verbose linkStuff [ false,
546 verbose linkStuff   false,
546 verbose linkStuff   false,
546 verbose linkStuff   '/Users/freek/workspace/fwielstra/ng-promise-dsl/node_modules' ]
547 info linkStuff karma-firefox-launcher@0.1.3
548 verbose linkBins karma-firefox-launcher@0.1.3
549 verbose linkMans karma-firefox-launcher@0.1.3
550 verbose rebuildBundles karma-firefox-launcher@0.1.3
551 info install karma-firefox-launcher@0.1.3
552 info postinstall karma-firefox-launcher@0.1.3
553 verbose rebuild bundle /Users/freek/workspace/fwielstra/ng-promise-dsl/node_modules/karma-html2js-preprocessor
554 info build /Users/freek/workspace/fwielstra/ng-promise-dsl/node_modules/karma-html2js-preprocessor
555 info preinstall karma-html2js-preprocessor@0.1.0
556 verbose linkStuff [ false,
556 verbose linkStuff   false,
556 verbose linkStuff   false,
556 verbose linkStuff   '/Users/freek/workspace/fwielstra/ng-promise-dsl/node_modules' ]
557 info linkStuff karma-html2js-preprocessor@0.1.0
558 verbose linkBins karma-html2js-preprocessor@0.1.0
559 verbose linkMans karma-html2js-preprocessor@0.1.0
560 verbose rebuildBundles karma-html2js-preprocessor@0.1.0
561 info install karma-html2js-preprocessor@0.1.0
562 info postinstall karma-html2js-preprocessor@0.1.0
563 verbose rebuild bundle /Users/freek/workspace/fwielstra/ng-promise-dsl/node_modules/karma-jasmine
564 info build /Users/freek/workspace/fwielstra/ng-promise-dsl/node_modules/karma-jasmine
565 info preinstall karma-jasmine@0.0.3
566 verbose linkStuff [ false,
566 verbose linkStuff   false,
566 verbose linkStuff   false,
566 verbose linkStuff   '/Users/freek/workspace/fwielstra/ng-promise-dsl/node_modules' ]
567 info linkStuff karma-jasmine@0.0.3
568 verbose linkBins karma-jasmine@0.0.3
569 verbose linkMans karma-jasmine@0.0.3
570 verbose rebuildBundles karma-jasmine@0.0.3
571 info install karma-jasmine@0.0.3
572 info postinstall karma-jasmine@0.0.3
573 verbose rebuild bundle /Users/freek/workspace/fwielstra/ng-promise-dsl/node_modules/karma-phantomjs-launcher
574 info build /Users/freek/workspace/fwielstra/ng-promise-dsl/node_modules/karma-phantomjs-launcher
575 info preinstall karma-phantomjs-launcher@0.1.4
576 verbose linkStuff [ false,
576 verbose linkStuff   false,
576 verbose linkStuff   false,
576 verbose linkStuff   '/Users/freek/workspace/fwielstra/ng-promise-dsl/node_modules' ]
577 info linkStuff karma-phantomjs-launcher@0.1.4
578 verbose linkBins karma-phantomjs-launcher@0.1.4
579 verbose linkMans karma-phantomjs-launcher@0.1.4
580 verbose rebuildBundles karma-phantomjs-launcher@0.1.4
581 verbose rebuildBundles [ '.bin', 'phantomjs' ]
582 info install karma-phantomjs-launcher@0.1.4
583 info postinstall karma-phantomjs-launcher@0.1.4
584 verbose rebuild bundle /Users/freek/workspace/fwielstra/ng-promise-dsl/node_modules/karma-requirejs
585 info build /Users/freek/workspace/fwielstra/ng-promise-dsl/node_modules/karma-requirejs
586 info preinstall karma-requirejs@0.2.2
587 verbose linkStuff [ false,
587 verbose linkStuff   false,
587 verbose linkStuff   false,
587 verbose linkStuff   '/Users/freek/workspace/fwielstra/ng-promise-dsl/node_modules' ]
588 info linkStuff karma-requirejs@0.2.2
589 verbose linkBins karma-requirejs@0.2.2
590 verbose linkMans karma-requirejs@0.2.2
591 verbose rebuildBundles karma-requirejs@0.2.2
592 info install karma-requirejs@0.2.2
593 info postinstall karma-requirejs@0.2.2
594 verbose rebuild bundle /Users/freek/workspace/fwielstra/ng-promise-dsl/node_modules/karma-script-launcher
595 info build /Users/freek/workspace/fwielstra/ng-promise-dsl/node_modules/karma-script-launcher
596 info preinstall karma-script-launcher@0.1.0
597 verbose linkStuff [ false,
597 verbose linkStuff   false,
597 verbose linkStuff   false,
597 verbose linkStuff   '/Users/freek/workspace/fwielstra/ng-promise-dsl/node_modules' ]
598 info linkStuff karma-script-launcher@0.1.0
599 verbose linkBins karma-script-launcher@0.1.0
600 verbose linkMans karma-script-launcher@0.1.0
601 verbose rebuildBundles karma-script-launcher@0.1.0
602 info install karma-script-launcher@0.1.0
603 info postinstall karma-script-launcher@0.1.0
604 verbose rebuild bundle /Users/freek/workspace/fwielstra/ng-promise-dsl/node_modules/matchdep
605 info build /Users/freek/workspace/fwielstra/ng-promise-dsl/node_modules/matchdep
606 info preinstall matchdep@0.1.2
607 verbose linkStuff [ false,
607 verbose linkStuff   false,
607 verbose linkStuff   false,
607 verbose linkStuff   '/Users/freek/workspace/fwielstra/ng-promise-dsl/node_modules' ]
608 info linkStuff matchdep@0.1.2
609 verbose linkBins matchdep@0.1.2
610 verbose linkMans matchdep@0.1.2
611 verbose rebuildBundles matchdep@0.1.2
612 verbose rebuildBundles [ 'minimatch' ]
613 info install matchdep@0.1.2
614 info postinstall matchdep@0.1.2
615 verbose rebuild bundle /Users/freek/workspace/fwielstra/ng-promise-dsl/node_modules/requirejs
616 info build /Users/freek/workspace/fwielstra/ng-promise-dsl/node_modules/requirejs
617 info preinstall requirejs@2.1.14
618 verbose linkStuff [ false,
618 verbose linkStuff   false,
618 verbose linkStuff   false,
618 verbose linkStuff   '/Users/freek/workspace/fwielstra/ng-promise-dsl/node_modules' ]
619 info linkStuff requirejs@2.1.14
620 verbose linkBins requirejs@2.1.14
621 verbose link bins [ { 'r.js': './bin/r.js' },
621 verbose link bins   '/Users/freek/workspace/fwielstra/ng-promise-dsl/node_modules/.bin',
621 verbose link bins   false ]
622 verbose linkMans requirejs@2.1.14
623 verbose rebuildBundles requirejs@2.1.14
624 info install requirejs@2.1.14
625 info postinstall requirejs@2.1.14
626 info install ngpromisedsl@0.0.0
627 info postinstall ngpromisedsl@0.0.0
628 info prepublish ngpromisedsl@0.0.0
629 error peerinvalid The package karma does not satisfy its siblings' peerDependencies requirements!
629 error peerinvalid Peer grunt-karma@0.7.2 wants karma@~0.11.0
629 error peerinvalid Peer karma-chrome-launcher@0.0.2 wants karma@~0.9.3
629 error peerinvalid Peer karma-firefox-launcher@0.1.3 wants karma@>=0.9
629 error peerinvalid Peer karma-html2js-preprocessor@0.1.0 wants karma@>=0.9
629 error peerinvalid Peer karma-jasmine@0.0.3 wants karma@~0.9
629 error peerinvalid Peer karma-requirejs@0.2.2 wants karma@>=0.9
629 error peerinvalid Peer karma-script-launcher@0.1.0 wants karma@>=0.9
629 error peerinvalid Peer karma-coffee-preprocessor@0.2.1 wants karma@>=0.11.14
629 error peerinvalid Peer karma-phantomjs-launcher@0.1.4 wants karma@>=0.9
630 error System Darwin 13.3.0
631 error command "node" "/usr/local/bin/npm" "install"
632 error cwd /Users/freek/workspace/fwielstra/ng-promise-dsl
633 error node -v v0.10.24
634 error npm -v 1.3.21
635 error code EPEERINVALID
636 verbose exit [ 1, true ]
